<?xml version="1.0" encoding="UTF-8"?>
<!-- Generated by org.testng.reporters.JUnitReportReporter -->
<testsuite skipped="0" hostname="ATMECSINLT-711" name="com.atmecs.demoblaze.testscripts.SignUpTest" tests="1" failures="0" timestamp="23 Sep 2020 07:25:23 GMT" time="0.657" errors="0">
  <testcase name="signup" time="0.657" classname="com.atmecs.demoblaze.testscripts.SignUpTest"/>
</testsuite> <!-- com.atmecs.demoblaze.testscripts.SignUpTest -->
