<?xml version="1.0" encoding="UTF-8"?>
<!-- Generated by org.testng.reporters.JUnitReportReporter -->
<testsuite skipped="0" hostname="ATMECSINLT-711" name="com.atmecs.demoblaze.testscripts.ContactUsTest" tests="1" failures="0" timestamp="28 Sep 2020 08:46:16 GMT" time="20.848" errors="0">
  <testcase name="contactus" time="20.848" classname="com.atmecs.demoblaze.testscripts.ContactUsTest"/>
</testsuite> <!-- com.atmecs.demoblaze.testscripts.ContactUsTest -->
