<?xml version="1.0" encoding="UTF-8"?>
<!-- Generated by org.testng.reporters.JUnitReportReporter -->
<testsuite skipped="0" hostname="ATMECSINLT-711" name="com.atmecs.demoblaze.testscripts.AddtocartTest" tests="1" failures="0" timestamp="24 Sep 2020 11:32:13 GMT" time="19.040" errors="0">
  <testcase name="addtoCart" time="19.040" classname="com.atmecs.demoblaze.testscripts.AddtocartTest"/>
</testsuite> <!-- com.atmecs.demoblaze.testscripts.AddtocartTest -->
