<?xml version="1.0" encoding="UTF-8"?>
<!-- Generated by org.testng.reporters.JUnitReportReporter -->
<testsuite skipped="0" hostname="ATMECSINLT-711" name="com.atmecs.demoblaze.testscripts.SignUpTest" tests="1" failures="0" timestamp="24 Sep 2020 11:32:13 GMT" time="20.464" errors="0">
  <testcase name="signup" time="20.464" classname="com.atmecs.demoblaze.testscripts.SignUpTest"/>
</testsuite> <!-- com.atmecs.demoblaze.testscripts.SignUpTest -->
