<?xml version="1.0" encoding="UTF-8"?>
<!-- Generated by org.testng.reporters.JUnitReportReporter -->
<testsuite skipped="0" hostname="ATMECSINLT-711" name="com.atmecs.demoblaze.testscripts.LoginTest" tests="1" failures="0" timestamp="24 Sep 2020 11:32:13 GMT" time="11.635" errors="0">
  <testcase name="Login" time="11.635" classname="com.atmecs.demoblaze.testscripts.LoginTest"/>
</testsuite> <!-- com.atmecs.demoblaze.testscripts.LoginTest -->
