<?xml version="1.0" encoding="UTF-8"?>
<!-- Generated by org.testng.reporters.JUnitReportReporter -->
<testsuite skipped="0" hostname="ATMECSINLT-711" name="com.atmecs.demoblaze.testscripts.AddtocartTest" tests="1" failures="0" timestamp="28 Sep 2020 08:46:16 GMT" time="23.951" errors="0">
  <testcase name="addtoCart" time="23.951" classname="com.atmecs.demoblaze.testscripts.AddtocartTest"/>
</testsuite> <!-- com.atmecs.demoblaze.testscripts.AddtocartTest -->
