<?xml version="1.0" encoding="UTF-8"?>
<!-- Generated by org.testng.reporters.JUnitReportReporter -->
<testsuite skipped="0" hostname="ATMECSINLT-711" name="com.atmecs.demoblaze.testscripts.SignUpTest" tests="1" failures="0" timestamp="22 Sep 2020 04:22:15 GMT" time="15.470" errors="0">
  <testcase name="signup" time="15.470" classname="com.atmecs.demoblaze.testscripts.SignUpTest"/>
</testsuite> <!-- com.atmecs.demoblaze.testscripts.SignUpTest -->
