<?xml version="1.0" encoding="UTF-8"?>
<!-- Generated by org.testng.reporters.JUnitReportReporter -->
<testsuite skipped="0" hostname="ATMECSINLT-711" name="com.atmecs.demoblaze.testscripts.ContactUsTest" tests="1" failures="0" timestamp="22 Sep 2020 04:22:15 GMT" time="9.858" errors="0">
  <testcase name="contact" time="9.858" classname="com.atmecs.demoblaze.testscripts.ContactUsTest"/>
</testsuite> <!-- com.atmecs.demoblaze.testscripts.ContactUsTest -->
