<?xml version="1.0" encoding="UTF-8"?>
<!-- Generated by org.testng.reporters.JUnitReportReporter -->
<testsuite skipped="0" hostname="ATMECSINLT-711" name="com.atmecs.demoblaze.testscripts.ContactUsTest" tests="1" failures="0" timestamp="24 Sep 2020 11:32:13 GMT" time="9.217" errors="0">
  <testcase name="contactus" time="9.217" classname="com.atmecs.demoblaze.testscripts.ContactUsTest"/>
</testsuite> <!-- com.atmecs.demoblaze.testscripts.ContactUsTest -->
