<?xml version="1.0" encoding="UTF-8"?>
<!-- Generated by org.testng.reporters.JUnitReportReporter -->
<testsuite skipped="0" hostname="ATMECSINLT-711" name="com.atmecs.demoblaze.testscripts.LoginTest" tests="1" failures="0" timestamp="23 Sep 2020 06:10:22 GMT" time="0.771" errors="0">
  <testcase name="Login" time="0.771" classname="com.atmecs.demoblaze.testscripts.LoginTest"/>
</testsuite> <!-- com.atmecs.demoblaze.testscripts.LoginTest -->
